[17:32:16] [ServerMain/INFO]: [bootstrap] Running Java 21 (OpenJDK 64-Bit Server VM 21.0.6+9-b895.109; JetBrains s.r.o. JBR-21.0.6+9-895.109-jcef) on Linux 6.11.0-109018-tuxedo (amd64)
[17:32:16] [ServerMain/INFO]: [bootstrap] Loading Paper 1.21.4-226-ver/1.21.4@a838a88 (2025-04-17T19:20:57Z) for Minecraft 1.21.4
[17:32:17] [ServerMain/INFO]: [PluginInitializerManager] Initializing plugins...
[17:32:17] [ServerMain/INFO]: [PluginInitializerManager] Initialized 2 plugins
[17:32:17] [ServerMain/INFO]: [PluginInitializerManager] Paper plugins (1):
 - SoulMagicSystem (1.0)
[17:32:17] [ServerMain/INFO]: [PluginInitializerManager] Bukkit plugins (1):
 - BetterTeams (4.10.0)
[17:32:21] [ServerMain/INFO]: Environment: Environment[sessionHost=https://sessionserver.mojang.com, servicesHost=https://api.minecraftservices.com, name=PROD]
[17:32:22] [ServerMain/INFO]: Loaded 1370 recipes
[17:32:22] [ServerMain/INFO]: Loaded 1481 advancements
[17:32:22] [ServerMain/INFO]: [MCTypeRegistry] Initialising converters for DataConverter...
[17:32:22] [ServerMain/INFO]: [MCTypeRegistry] Finished initialising converters for DataConverter in 145.6ms
[17:32:22] [Server thread/INFO]: Starting minecraft server version 1.21.4
[17:32:22] [Server thread/INFO]: Loading properties
[17:32:22] [Server thread/INFO]: This server is running Paper version 1.21.4-226-ver/1.21.4@a838a88 (2025-04-17T19:20:57Z) (Implementing API version 1.21.4-R0.1-SNAPSHOT)
[17:32:22] [Server thread/INFO]: [spark] This server bundles the spark profiler. For more information please visit https://docs.papermc.io/paper/profiling
[17:32:22] [Server thread/INFO]: Server Ping Player Sample Count: 12
[17:32:22] [Server thread/INFO]: Using 4 threads for Netty based IO
[17:32:23] [Server thread/INFO]: [MoonriseCommon] Paper is using 4 worker threads, 1 I/O threads
[17:32:23] [Server thread/INFO]: [ChunkTaskScheduler] Chunk system is using population gen parallelism: true
[17:32:23] [Server thread/INFO]: Default game type: SURVIVAL
[17:32:23] [Server thread/INFO]: Generating keypair
[17:32:23] [Server thread/INFO]: Starting Minecraft server on *:25565
[17:32:23] [Server thread/INFO]: Using epoll channel type
[17:32:23] [Server thread/INFO]: Paper: Using libdeflate (Linux x86_64) compression from Velocity.
[17:32:23] [Server thread/INFO]: Paper: Using OpenSSL 3.x.x (Linux x86_64) cipher from Velocity.
[17:32:23] [Server thread/INFO]: [SoulMagicSystem] Loading server plugin SoulMagicSystem v1.0
[17:32:23] [Server thread/INFO]: [BetterTeams] Loading server plugin BetterTeams v4.10.0
[17:32:23] [Server thread/INFO]: [BetterTeams] Checking if the file config.yml is up to date
[17:32:23] [Server thread/INFO]: [BetterTeams] File is up to date
[17:32:23] [Server thread/INFO]: Server permissions file permissions.yml is empty, ignoring it
[17:32:23] [Server thread/INFO]: Preparing level "world"
[17:32:24] [Server thread/INFO]: Preparing start region for dimension minecraft:overworld
[17:32:24] [Server thread/INFO]: Preparing spawn area: 0%
[17:32:24] [Server thread/INFO]: Preparing spawn area: 51%
[17:32:24] [Server thread/INFO]: Time elapsed: 654 ms
[17:32:24] [Server thread/INFO]: Preparing start region for dimension minecraft:the_nether
[17:32:24] [Server thread/INFO]: Preparing spawn area: 0%
[17:32:24] [Server thread/INFO]: Time elapsed: 124 ms
[17:32:24] [Server thread/INFO]: Preparing start region for dimension minecraft:the_end
[17:32:24] [Server thread/INFO]: Preparing spawn area: 0%
[17:32:24] [Server thread/INFO]: Time elapsed: 63 ms
[17:32:24] [Server thread/INFO]: [SoulMagicSystem] Enabling SoulMagicSystem v1.0
[17:32:25] [Server thread/INFO]: [SoulMagicSystem] [STDOUT] Connected to database!
[17:32:25] [Server thread/WARN]: Nag author(s): '[]' of 'SoulMagicSystem v1.0' about their usage of System.out/err.print. Please use your plugin's logger instead (JavaPlugin#getLogger).
[17:32:25] [Server thread/INFO]: [BetterTeams] Enabling BetterTeams v4.10.0
[17:32:25] [Server thread/INFO]: [BetterTeams] Checking if the file messages.yml is up to date
[17:32:25] [Server thread/INFO]: [BetterTeams] File is up to date
[17:32:25] [Server thread/INFO]: Display team name config value: prefix
[17:32:25] [Server thread/INFO]: Loading below name. Type: PREFIX
[17:32:25] [Server thread/INFO]: teamManagement declared: com.booksaw.betterTeams.events.MCTeamManagement@1d0a9eec
[17:32:25] [Server thread/INFO]: [spark] Starting background profiler...
[17:32:25] [Server thread/INFO]: Done preparing level "world" (2.042s)
[17:32:25] [Server thread/INFO]: Running delayed init tasks
[17:32:25] [Server thread/INFO]: Done (9.735s)! For help, type "help"
[17:32:25] [Craft Scheduler Thread - 2 - BetterTeams/WARN]: ยง4There is a new version of better teams released update here: https://www.spigotmc.org/resources/better-teams.17129/
[17:32:34] [User Authenticator #0/INFO]: UUID of player sandrp is 4545f4c2-a0f7-4740-8fb1-b2ae6bbc3f56
[17:32:34] [Server thread/INFO]: sandrp joined the game
[17:32:34] [Server thread/INFO]: sandrp[/127.0.0.1:56746] logged in with entity id 17 at ([world]-129.1335502771933, 79.0, 92.80995247439262)
